CompileCommand: exclude com/intellij/openapi/vfs/impl/FilePartNodeRoot.trieDescend bool exclude = true
CompileCommand: exclude com/intellij/openapi/vfs/impl/FilePartNodeRoot.trieDescend bool exclude = true
CompileCommand: exclude com/intellij/openapi/vfs/impl/FilePartNodeRoot.trieDescend bool exclude = true
CompileCommand: exclude com/intellij/openapi/vfs/impl/FilePartNodeRoot.trieDescend bool exclude = true
CompileCommand: exclude com/intellij/openapi/vfs/impl/FilePartNodeRoot.trieDescend bool exclude = true
CompileCommand: exclude com/intellij/openapi/vfs/impl/FilePartNodeRoot.trieDescend bool exclude = true
CompileCommand: exclude com/intellij/openapi/vfs/impl/FilePartNodeRoot.trieDescend bool exclude = true
CompileCommand: exclude com/intellij/openapi/vfs/impl/FilePartNodeRoot.trieDescend bool exclude = true
CompileCommand: exclude com/intellij/openapi/vfs/impl/FilePartNodeRoot.trieDescend bool exclude = true
CompileCommand: exclude com/intellij/openapi/vfs/impl/FilePartNodeRoot.trieDescend bool exclude = true
Do not use URL connection as JarURLConnection
Do not use URL connection as JarURLConnection
Do not use URL connection as JarURLConnection
Do not use URL connection as JarURLConnection
Do not use URL connection as JarURLConnection
Do not use URL connection as JarURLConnection
Do not use URL connection as JarURLConnection
Do not use URL connection as JarURLConnection
Do not use URL connection as JarURLConnection
Do not use URL connection as JarURLConnection
Do not use URL connection as JarURLConnection
Do not use URL connection as JarURLConnection
Do not use URL connection as JarURLConnection
Do not use URL connection as JarURLConnection
Do not use URL connection as JarURLConnection
Do not use URL connection as JarURLConnection
Do not use URL connection as JarURLConnection
Do not use URL connection as JarURLConnection
Do not use URL connection as JarURLConnection
Do not use URL connection as JarURLConnection
Do not use URL connection as JarURLConnection
Do not use URL connection as JarURLConnection
Do not use URL connection as JarURLConnection
Do not use URL connection as JarURLConnection
Do not use URL connection as JarURLConnection
Do not use URL connection as JarURLConnection
Do not use URL connection as JarURLConnection
Do not use URL connection as JarURLConnection
Do not use URL connection as JarURLConnection
Do not use URL connection as JarURLConnection
Do not use URL connection as JarURLConnection
Do not use URL connection as JarURLConnection
Do not use URL connection as JarURLConnection
Do not use URL connection as JarURLConnection
Do not use URL connection as JarURLConnection
Do not use URL connection as JarURLConnection
Do not use URL connection as JarURLConnection
Do not use URL connection as JarURLConnection
Do not use URL connection as JarURLConnection
Do not use URL connection as JarURLConnection
Do not use URL connection as JarURLConnection
Do not use URL connection as JarURLConnection
Do not use URL connection as JarURLConnection
Do not use URL connection as JarURLConnection
Do not use URL connection as JarURLConnection
Do not use URL connection as JarURLConnection
Do not use URL connection as JarURLConnection
Do not use URL connection as JarURLConnection
Do not use URL connection as JarURLConnection
Do not use URL connection as JarURLConnection
Do not use URL connection as JarURLConnection
Do not use URL connection as JarURLConnection
Do not use URL connection as JarURLConnection
Do not use URL connection as JarURLConnection
Do not use URL connection as JarURLConnection
Do not use URL connection as JarURLConnection
Do not use URL connection as JarURLConnection
Do not use URL connection as JarURLConnection
Do not use URL connection as JarURLConnection
Do not use URL connection as JarURLConnection
Do not use URL connection as JarURLConnection
Do not use URL connection as JarURLConnection
Do not use URL connection as JarURLConnection
Do not use URL connection as JarURLConnection
Do not use URL connection as JarURLConnection
2023-11-22 10:20:55,455 [   3000]   WARN - #c.i.c.ComponentStoreImpl - Duplicated scheme Light - old: Light, new Light

2023-11-22 10:20:56,580 [   4125]   WARN - #o.j.i.maven - updateAllMavenProjectsSync started, edt=false
2023-11-22 10:20:56,862 [   4407]   WARN - #o.j.i.maven - updateAllMavenProjectsSync finished, edt=false
Info  | RdCoroutineScope          | 47:DefaultDispatcher-worker-29 | RdCoroutineHost overridden 
2023-11-22 10:20:59,816 [   7361]   WARN - #c.i.o.a.i.ActionUpdater - 322 ms to grab EDT for ToolWindowHeader$2#update@ToolwindowTitle (com.intellij.toolWindow.ToolWindowHeader$2)
2023-11-22 10:21:07,584 [  15129]   WARN - #c.i.e.r.RemoteProcessSupport - SLF4J: Class path contains multiple SLF4J bindings.
2023-11-22 10:21:07,585 [  15130]   WARN - #c.i.e.r.RemoteProcessSupport - SLF4J: Found binding in [jar:file:/home/lucopdev/idea-IC-232.10203.10/plugins/maven/lib/maven36-server.jar!/org/slf4j/impl/StaticLoggerBinder.class]
2023-11-22 10:21:07,585 [  15130]   WARN - #c.i.e.r.RemoteProcessSupport - SLF4J: Found binding in [jar:file:/home/lucopdev/idea-IC-232.10203.10/lib/util-8.jar!/org/slf4j/impl/StaticLoggerBinder.class]
2023-11-22 10:21:07,585 [  15130]   WARN - #c.i.e.r.RemoteProcessSupport - SLF4J: See http://www.slf4j.org/codes.html#multiple_bindings for an explanation.
2023-11-22 10:21:07,586 [  15131]   WARN - #c.i.e.r.RemoteProcessSupport - SLF4J: Actual binding is of type [org.jetbrains.idea.maven.server.Maven3WrapperSl4LoggerFactory]
2023-11-22 10:21:16,395 [  23940]   WARN - #o.j.k.i.s.r.KotlinCompilerReferenceIndexStorage - kotlin-data-container is not found
2023-11-22 10:21:19,619 [  27164]   WARN - #c.i.o.m.LanguageLevelUtil - File not found: api22.txt
2023-11-22 10:21:42,227 [  49772]   WARN - #kotlinx.coroutines.CoroutineScope - Cannot wait for a ready scroll pane, scroll now
2023-11-22 10:22:11,388 [  78933]   WARN - #o.j.k.i.s.r.KotlinCompilerReferenceIndexStorage - kotlin-data-container is not found
2023-11-22 10:26:33,104 [ 340649]   WARN - #c.i.u.x.Binding - no accessors for java.time.LocalTime
2023-11-22 10:26:50,243 [ 357788]   WARN - org.apache.velocity.deprecation - configuration key 'resource.loader' has been deprecated in favor of 'resource.loaders'
2023-11-22 10:26:50,251 [ 357796]   WARN - org.apache.velocity.deprecation - configuration key 'includes.resource.loader.instance' has been deprecated in favor of 'resource.loader.includes.instance'
CompileCommand: exclude com/intellij/openapi/vfs/impl/FilePartNodeRoot.trieDescend bool exclude = true
Do not use URL connection as JarURLConnection
Do not use URL connection as JarURLConnection
Do not use URL connection as JarURLConnection
Do not use URL connection as JarURLConnection
Do not use URL connection as JarURLConnection
Do not use URL connection as JarURLConnection
Do not use URL connection as JarURLConnection
Do not use URL connection as JarURLConnection
Do not use URL connection as JarURLConnection
Do not use URL connection as JarURLConnection
Do not use URL connection as JarURLConnection
Do not use URL connection as JarURLConnection
Do not use URL connection as JarURLConnection
Do not use URL connection as JarURLConnection
Do not use URL connection as JarURLConnection
Do not use URL connection as JarURLConnection
Do not use URL connection as JarURLConnection
Do not use URL connection as JarURLConnection
Do not use URL connection as JarURLConnection
Do not use URL connection as JarURLConnection
Do not use URL connection as JarURLConnection
Do not use URL connection as JarURLConnection
Do not use URL connection as JarURLConnection
Do not use URL connection as JarURLConnection
Do not use URL connection as JarURLConnection
Do not use URL connection as JarURLConnection
Do not use URL connection as JarURLConnection
Do not use URL connection as JarURLConnection
Do not use URL connection as JarURLConnection
Do not use URL connection as JarURLConnection
Do not use URL connection as JarURLConnection
Do not use URL connection as JarURLConnection
Do not use URL connection as JarURLConnection
Do not use URL connection as JarURLConnection
Do not use URL connection as JarURLConnection
Do not use URL connection as JarURLConnection
Do not use URL connection as JarURLConnection
Do not use URL connection as JarURLConnection
Do not use URL connection as JarURLConnection
Do not use URL connection as JarURLConnection
Do not use URL connection as JarURLConnection
Do not use URL connection as JarURLConnection
Do not use URL connection as JarURLConnection
Do not use URL connection as JarURLConnection
Do not use URL connection as JarURLConnection
Do not use URL connection as JarURLConnection
Do not use URL connection as JarURLConnection
Do not use URL connection as JarURLConnection
Do not use URL connection as JarURLConnection
Do not use URL connection as JarURLConnection
Do not use URL connection as JarURLConnection
Do not use URL connection as JarURLConnection
Do not use URL connection as JarURLConnection
Do not use URL connection as JarURLConnection
Do not use URL connection as JarURLConnection
Do not use URL connection as JarURLConnection
Do not use URL connection as JarURLConnection
Do not use URL connection as JarURLConnection
Do not use URL connection as JarURLConnection
Do not use URL connection as JarURLConnection
Do not use URL connection as JarURLConnection
Do not use URL connection as JarURLConnection
Do not use URL connection as JarURLConnection
Do not use URL connection as JarURLConnection
Do not use URL connection as JarURLConnection
2023-11-23 10:43:58,202 [   2905]   WARN - #c.i.c.ComponentStoreImpl - Duplicated scheme Light - old: Light, new Light

2023-11-23 10:43:59,419 [   4122]   WARN - #o.j.i.maven - updateAllMavenProjectsSync started, edt=false
2023-11-23 10:43:59,596 [   4299]   WARN - #o.j.i.maven - updateAllMavenProjectsSync finished, edt=false
Info  | RdCoroutineScope          | 80:DefaultDispatcher-worker-63 | RdCoroutineHost overridden 
2023-11-23 10:44:04,531 [   9234]   WARN - #c.i.o.a.i.ActionUpdater - 402 ms to grab EDT for CollapseAllAction#update@ToolwindowTitle (com.intellij.ide.actions.CollapseAllAction)
2023-11-23 10:44:04,934 [   9637]   WARN - #c.i.o.a.i.ActionUpdater - 393 ms to grab EDT for DockToolWindowAction#update@ToolwindowTitle (com.intellij.openapi.wm.impl.DockToolWindowAction)
2023-11-23 10:44:09,532 [  14235]   WARN - #c.i.e.r.RemoteProcessSupport - SLF4J: Class path contains multiple SLF4J bindings.
2023-11-23 10:44:09,533 [  14236]   WARN - #c.i.e.r.RemoteProcessSupport - SLF4J: Found binding in [jar:file:/home/lucopdev/idea-IC-232.10203.10/plugins/maven/lib/maven36-server.jar!/org/slf4j/impl/StaticLoggerBinder.class]
2023-11-23 10:44:09,533 [  14236]   WARN - #c.i.e.r.RemoteProcessSupport - SLF4J: Found binding in [jar:file:/home/lucopdev/idea-IC-232.10203.10/lib/util-8.jar!/org/slf4j/impl/StaticLoggerBinder.class]
2023-11-23 10:44:09,533 [  14236]   WARN - #c.i.e.r.RemoteProcessSupport - SLF4J: See http://www.slf4j.org/codes.html#multiple_bindings for an explanation.
2023-11-23 10:44:09,536 [  14239]   WARN - #c.i.e.r.RemoteProcessSupport - SLF4J: Actual binding is of type [org.jetbrains.idea.maven.server.Maven3WrapperSl4LoggerFactory]
2023-11-23 10:44:21,852 [  26555]   WARN - #o.j.k.i.s.r.KotlinCompilerReferenceIndexStorage - kotlin-data-container is not found
2023-11-23 10:45:02,010 [  66713]   WARN - #kotlinx.coroutines.CoroutineScope - Cannot wait for a ready scroll pane, scroll now
2023-11-23 10:45:12,820 [  77523]   WARN - #o.j.k.i.s.r.KotlinCompilerReferenceIndexStorage - kotlin-data-container is not found
2023-11-23 10:45:31,765 [  96468]   WARN - #c.i.o.m.LanguageLevelUtil - File not found: api22.txt
2023-11-23 10:51:27,913 [ 452616]   WARN - #c.i.u.x.Binding - no accessors for java.time.LocalTime
2023-11-23 10:55:43,775 [ 708478]   WARN - org.apache.velocity.deprecation - configuration key 'resource.loader' has been deprecated in favor of 'resource.loaders'
2023-11-23 10:55:43,776 [ 708479]   WARN - org.apache.velocity.deprecation - configuration key 'includes.resource.loader.class' has been deprecated in favor of 'resource.loader.includes.class'
2023-11-23 11:39:18,253 [3322956]   WARN - #o.j.k.i.s.r.KotlinCompilerReferenceIndexStorage - kotlin-data-container is not found
2023-11-23 15:56:36,629 [18761332]   WARN - #o.j.k.i.s.r.KotlinCompilerReferenceIndexStorage - kotlin-data-container is not found
2023-11-23 15:56:59,638 [18784341]   WARN - #o.j.k.i.s.r.KotlinCompilerReferenceIndexStorage - kotlin-data-container is not found
2023-11-23 15:57:36,690 [18821393]   WARN - #o.j.k.i.s.r.KotlinCompilerReferenceIndexStorage - kotlin-data-container is not found

2023-11-23 15:59:37,219 [18941922]   WARN - #o.j.i.maven - updateAllMavenProjectsSync started, edt=false
2023-11-23 15:59:37,222 [18941925]   WARN - #o.j.i.maven - updateAllMavenProjectsSync finished, edt=false
2023-11-23 15:59:40,415 [18945118]   WARN - #c.i.e.r.RemoteProcessSupport - SLF4J: Class path contains multiple SLF4J bindings.
2023-11-23 15:59:40,415 [18945118]   WARN - #c.i.e.r.RemoteProcessSupport - SLF4J: Found binding in [jar:file:/home/lucopdev/idea-IC-232.10203.10/plugins/maven/lib/maven36-server.jar!/org/slf4j/impl/StaticLoggerBinder.class]
2023-11-23 15:59:40,415 [18945118]   WARN - #c.i.e.r.RemoteProcessSupport - SLF4J: Found binding in [jar:file:/home/lucopdev/idea-IC-232.10203.10/lib/util-8.jar!/org/slf4j/impl/StaticLoggerBinder.class]
2023-11-23 15:59:40,415 [18945118]   WARN - #c.i.e.r.RemoteProcessSupport - SLF4J: See http://www.slf4j.org/codes.html#multiple_bindings for an explanation.
2023-11-23 15:59:40,418 [18945121]   WARN - #c.i.e.r.RemoteProcessSupport - SLF4J: Actual binding is of type [org.jetbrains.idea.maven.server.Maven3WrapperSl4LoggerFactory]
2023-11-23 15:59:44,390 [18949093]   WARN - #o.j.k.i.s.r.KotlinCompilerReferenceIndexStorage - kotlin-data-container is not found
2023-11-23 16:00:23,986 [18988689]   WARN - JetBrains UI DSL - Row should not be empty
2023-11-23 16:00:33,215 [18997918]   WARN - #c.i.d.r.d.DockerComposeDeployer - Cannot create class com.intellij.docker.compose.configuration.beans.parse.PureDockerComposeConfigurationParser (classloader=PluginClassLoader(plugin=PluginDescriptor(name=Docker, id=Docker, descriptorPath=plugin.xml, path=~/.local/share/JetBrains/IdeaIC2023.2/clouds-docker-impl, version=232.10203.2, package=com.intellij.docker, isBundled=false), packagePrefix=com.intellij.docker., state=active))
com.intellij.diagnostic.PluginException: Cannot create class com.intellij.docker.compose.configuration.beans.parse.PureDockerComposeConfigurationParser (classloader=PluginClassLoader(plugin=PluginDescriptor(name=Docker, id=Docker, descriptorPath=plugin.xml, path=~/.local/share/JetBrains/IdeaIC2023.2/clouds-docker-impl, version=232.10203.2, package=com.intellij.docker, isBundled=false), packagePrefix=com.intellij.docker., state=active))
	at com.intellij.serviceContainer.ComponentManagerImpl.doInstantiateClass(ComponentManagerImpl.kt:1003)
	at com.intellij.serviceContainer.ComponentManagerImpl.instantiateClass(ComponentManagerImpl.kt:954)
	at com.intellij.serviceContainer.ComponentManagerImpl.createLightService(ComponentManagerImpl.kt:933)
	at com.intellij.serviceContainer.ComponentManagerImpl.getOrCreateLightService(ComponentManagerImpl.kt:736)
	at com.intellij.serviceContainer.ComponentManagerImpl.doGetService(ComponentManagerImpl.kt:688)
	at com.intellij.serviceContainer.ComponentManagerImpl.getService(ComponentManagerImpl.kt:630)
	at com.intellij.docker.compose.configuration.beans.parse.PureDockerComposeConfigurationParser$Companion.getInstance(PureDockerComposeConfigurationParser.kt:160)
	at com.intellij.docker.compose.configuration.beans.parse.PureDockerComposeConfigurationParser.getInstance(PureDockerComposeConfigurationParser.kt)
	at com.intellij.docker.compose.configuration.beans.parse.DockerComposeConfigurationParserUtil.uncachedParserForUi(DockerComposeConfigurationParserUtil.java:28)
	at com.intellij.docker.compose.configuration.beans.parse.DockerComposeFileConfigurationProvider$myCachingParser$2.invoke(DockerComposeFileConfigurationProvider.kt:38)
	at com.intellij.docker.compose.configuration.beans.parse.DockerComposeFileConfigurationProvider$myCachingParser$2.invoke(DockerComposeFileConfigurationProvider.kt:37)
	at kotlin.SynchronizedLazyImpl.getValue(LazyJVM.kt:74)
	at com.intellij.docker.compose.configuration.beans.parse.DockerComposeFileConfigurationProvider.getMyCachingParser(DockerComposeFileConfigurationProvider.kt:37)
	at com.intellij.docker.compose.configuration.beans.parse.DockerComposeFileConfigurationProvider.getConfigFor(DockerComposeFileConfigurationProvider.kt:57)
	at com.intellij.docker.compose.configuration.beans.parse.DockerComposeFileConfigurationProvider.getConfigFor$default(DockerComposeFileConfigurationProvider.kt:45)
	at com.intellij.docker.runtimes.deploy.DockerComposeDeployerKt.computeComposeProjectName(DockerComposeDeployer.kt:231)
	at com.intellij.docker.runtimes.deploy.DockerComposeDeployerKt.computeComposeProjectName(DockerComposeDeployer.kt:218)
	at com.intellij.docker.DockerRuntimesManager.deploy(DockerRuntimesManager.kt:338)
	at com.intellij.docker.runtimes.DockerRuntimeKt.deploy(DockerRuntime.kt:186)
	at com.intellij.docker.runtimes.deploy.DockerDeployToServerStateProvider$DockerState$execute$1.invoke(DockerDeployToServerStateProvider.kt:68)
	at com.intellij.docker.runtimes.deploy.DockerDeployToServerStateProvider$DockerState$execute$1.invoke(DockerDeployToServerStateProvider.kt:68)
	at com.intellij.docker.runtimes.deploy.DockerDeployToServerStateProvider$DockerState.execute$lambda$0(DockerDeployToServerStateProvider.kt:68)
	at java.base/java.util.concurrent.CompletableFuture.uniAcceptNow(CompletableFuture.java:757)
	at java.base/java.util.concurrent.CompletableFuture.uniAcceptStage(CompletableFuture.java:735)
	at java.base/java.util.concurrent.CompletableFuture.thenAccept(CompletableFuture.java:2182)
	at com.intellij.docker.runtimes.deploy.DockerDeployToServerStateProvider$DockerState.execute(DockerDeployToServerStateProvider.kt:68)
	at com.intellij.execution.runners.DefaultProgramRunnerKt.executeState(DefaultProgramRunner.kt:33)
	at com.intellij.remoteServer.impl.runtime.DeployToServerRunner$execute$1.invoke(DeployToServerRunner.kt:21)
	at com.intellij.remoteServer.impl.runtime.DeployToServerRunner$execute$1.invoke(DeployToServerRunner.kt:20)
	at com.intellij.execution.impl.ExecutionManagerImpl$startRunProfile$1.invoke(ExecutionManagerImpl.kt:207)
	at com.intellij.execution.impl.ExecutionManagerImpl$startRunProfile$1.invoke(ExecutionManagerImpl.kt:205)
	at com.intellij.execution.impl.ExecutionManagerImpl.doStartRunProfile$lambda$2(ExecutionManagerImpl.kt:269)
	at com.intellij.util.concurrency.ContextRunnable.run(ContextRunnable.java:24)
	at com.intellij.openapi.application.TransactionGuardImpl.runWithWritingAllowed(TransactionGuardImpl.java:208)
	at com.intellij.openapi.application.TransactionGuardImpl.access$100(TransactionGuardImpl.java:21)
	at com.intellij.openapi.application.TransactionGuardImpl$1.run(TransactionGuardImpl.java:190)
	at com.intellij.openapi.application.impl.ApplicationImpl.runIntendedWriteActionOnCurrentThread(ApplicationImpl.java:861)
	at com.intellij.openapi.application.impl.ApplicationImpl$4.run(ApplicationImpl.java:478)
	at com.intellij.openapi.application.impl.FlushQueue.doRun(FlushQueue.java:79)
	at com.intellij.openapi.application.impl.FlushQueue.runNextEvent(FlushQueue.java:121)
	at com.intellij.openapi.application.impl.FlushQueue.flushNow(FlushQueue.java:41)
	at java.desktop/java.awt.event.InvocationEvent.dispatch(InvocationEvent.java:318)
	at java.desktop/java.awt.EventQueue.dispatchEventImpl(EventQueue.java:792)
	at java.desktop/java.awt.EventQueue$3.run(EventQueue.java:739)
	at java.desktop/java.awt.EventQueue$3.run(EventQueue.java:733)
	at java.base/java.security.AccessController.doPrivileged(AccessController.java:399)
	at java.base/java.security.ProtectionDomain$JavaSecurityAccessImpl.doIntersectionPrivilege(ProtectionDomain.java:86)
	at java.desktop/java.awt.EventQueue.dispatchEvent(EventQueue.java:761)
	at com.intellij.ide.IdeEventQueue.defaultDispatchEvent(IdeEventQueue.kt:690)
	at com.intellij.ide.IdeEventQueue._dispatchEvent$lambda$10(IdeEventQueue.kt:593)
	at com.intellij.openapi.application.impl.ApplicationImpl.runWithoutImplicitRead(ApplicationImpl.java:1485)
	at com.intellij.ide.IdeEventQueue._dispatchEvent(IdeEventQueue.kt:593)
	at com.intellij.ide.IdeEventQueue.access$_dispatchEvent(IdeEventQueue.kt:67)
	at com.intellij.ide.IdeEventQueue$dispatchEvent$processEventRunnable$1$1$1.compute(IdeEventQueue.kt:369)
	at com.intellij.ide.IdeEventQueue$dispatchEvent$processEventRunnable$1$1$1.compute(IdeEventQueue.kt:368)
	at com.intellij.openapi.progress.impl.CoreProgressManager.computePrioritized(CoreProgressManager.java:787)
	at com.intellij.ide.IdeEventQueue$dispatchEvent$processEventRunnable$1$1.invoke(IdeEventQueue.kt:368)
	at com.intellij.ide.IdeEventQueue$dispatchEvent$processEventRunnable$1$1.invoke(IdeEventQueue.kt:363)
	at com.intellij.ide.IdeEventQueueKt.performActivity$lambda$1(IdeEventQueue.kt:997)
	at com.intellij.openapi.application.TransactionGuardImpl.performActivity(TransactionGuardImpl.java:105)
	at com.intellij.ide.IdeEventQueueKt.performActivity(IdeEventQueue.kt:997)
	at com.intellij.ide.IdeEventQueue.dispatchEvent$lambda$7(IdeEventQueue.kt:363)
	at com.intellij.openapi.application.impl.ApplicationImpl.runIntendedWriteActionOnCurrentThread(ApplicationImpl.java:861)
	at com.intellij.ide.IdeEventQueue.dispatchEvent(IdeEventQueue.kt:405)
	at java.desktop/java.awt.EventDispatchThread.pumpOneEventForFilters(EventDispatchThread.java:207)
	at java.desktop/java.awt.EventDispatchThread.pumpEventsForFilter(EventDispatchThread.java:128)
	at java.desktop/java.awt.EventDispatchThread.pumpEventsForHierarchy(EventDispatchThread.java:117)
	at java.desktop/java.awt.EventDispatchThread.pumpEvents(EventDispatchThread.java:113)
	at java.desktop/java.awt.EventDispatchThread.pumpEvents(EventDispatchThread.java:105)
	at java.desktop/java.awt.EventDispatchThread.run(EventDispatchThread.java:92)
Caused by: java.lang.NoClassDefFoundError: com/fasterxml/jackson/dataformat/yaml/YAMLFactory
	at com.intellij.docker.compose.configuration.beans.parse.PureDockerComposeConfigurationParser.<init>(PureDockerComposeConfigurationParser.kt:38)
	at com.intellij.serviceContainer.ComponentManagerImpl.doInstantiateClass(ComponentManagerImpl.kt:962)
	... 69 more
Caused by: java.lang.ClassNotFoundException: com.fasterxml.jackson.dataformat.yaml.YAMLFactory PluginClassLoader(plugin=PluginDescriptor(name=Docker, id=Docker, descriptorPath=plugin.xml, path=~/.local/share/JetBrains/IdeaIC2023.2/clouds-docker-impl, version=232.10203.2, package=com.intellij.docker, isBundled=false), packagePrefix=com.intellij.docker., state=active)
	at com.intellij.ide.plugins.cl.PluginClassLoader.loadClass(PluginClassLoader.kt:156)
	at java.base/java.lang.ClassLoader.loadClass(ClassLoader.java:525)
	... 71 more
2023-11-23 16:00:33,221 [18997924]   WARN - #c.i.d.r.d.DockerComposeDeployer - Cannot create class com.intellij.docker.compose.configuration.beans.parse.PureDockerComposeConfigurationParser (classloader=PluginClassLoader(plugin=PluginDescriptor(name=Docker, id=Docker, descriptorPath=plugin.xml, path=~/.local/share/JetBrains/IdeaIC2023.2/clouds-docker-impl, version=232.10203.2, package=com.intellij.docker, isBundled=false), packagePrefix=com.intellij.docker., state=active))
com.intellij.diagnostic.PluginException: Cannot create class com.intellij.docker.compose.configuration.beans.parse.PureDockerComposeConfigurationParser (classloader=PluginClassLoader(plugin=PluginDescriptor(name=Docker, id=Docker, descriptorPath=plugin.xml, path=~/.local/share/JetBrains/IdeaIC2023.2/clouds-docker-impl, version=232.10203.2, package=com.intellij.docker, isBundled=false), packagePrefix=com.intellij.docker., state=active))
	at com.intellij.serviceContainer.ComponentManagerImpl.doInstantiateClass(ComponentManagerImpl.kt:1003)
	at com.intellij.serviceContainer.ComponentManagerImpl.instantiateClass(ComponentManagerImpl.kt:954)
	at com.intellij.serviceContainer.ComponentManagerImpl.createLightService(ComponentManagerImpl.kt:933)
	at com.intellij.serviceContainer.ComponentManagerImpl.getOrCreateLightService(ComponentManagerImpl.kt:736)
	at com.intellij.serviceContainer.ComponentManagerImpl.doGetService(ComponentManagerImpl.kt:688)
	at com.intellij.serviceContainer.ComponentManagerImpl.getService(ComponentManagerImpl.kt:630)
	at com.intellij.docker.compose.configuration.beans.parse.PureDockerComposeConfigurationParser$Companion.getInstance(PureDockerComposeConfigurationParser.kt:160)
	at com.intellij.docker.compose.configuration.beans.parse.PureDockerComposeConfigurationParser.getInstance(PureDockerComposeConfigurationParser.kt)
	at com.intellij.docker.compose.configuration.beans.parse.DockerComposeConfigurationParserUtil.uncachedParserForUi(DockerComposeConfigurationParserUtil.java:28)
	at com.intellij.docker.compose.configuration.beans.parse.DockerComposeFileConfigurationProvider$myCachingParser$2.invoke(DockerComposeFileConfigurationProvider.kt:38)
	at com.intellij.docker.compose.configuration.beans.parse.DockerComposeFileConfigurationProvider$myCachingParser$2.invoke(DockerComposeFileConfigurationProvider.kt:37)
	at kotlin.SynchronizedLazyImpl.getValue(LazyJVM.kt:74)
	at com.intellij.docker.compose.configuration.beans.parse.DockerComposeFileConfigurationProvider.getMyCachingParser(DockerComposeFileConfigurationProvider.kt:37)
	at com.intellij.docker.compose.configuration.beans.parse.DockerComposeFileConfigurationProvider.getConfigFor(DockerComposeFileConfigurationProvider.kt:57)
	at com.intellij.docker.compose.configuration.beans.parse.DockerComposeFileConfigurationProvider.getConfigFor$default(DockerComposeFileConfigurationProvider.kt:45)
	at com.intellij.docker.runtimes.deploy.DockerComposeDeployerKt.computeComposeProjectName(DockerComposeDeployer.kt:231)
	at com.intellij.docker.runtimes.deploy.DockerComposeDeployerKt.access$computeComposeProjectName(DockerComposeDeployer.kt:1)
	at com.intellij.docker.runtimes.deploy.DockerComposeDeployer.<init>(DockerComposeDeployer.kt:62)
	at com.intellij.docker.DockerRuntimesManager.deploy(DockerRuntimesManager.kt:347)
	at com.intellij.docker.runtimes.DockerRuntimeKt.deploy(DockerRuntime.kt:186)
	at com.intellij.docker.runtimes.deploy.DockerDeployToServerStateProvider$DockerState$execute$1.invoke(DockerDeployToServerStateProvider.kt:68)
	at com.intellij.docker.runtimes.deploy.DockerDeployToServerStateProvider$DockerState$execute$1.invoke(DockerDeployToServerStateProvider.kt:68)
	at com.intellij.docker.runtimes.deploy.DockerDeployToServerStateProvider$DockerState.execute$lambda$0(DockerDeployToServerStateProvider.kt:68)
	at java.base/java.util.concurrent.CompletableFuture.uniAcceptNow(CompletableFuture.java:757)
	at java.base/java.util.concurrent.CompletableFuture.uniAcceptStage(CompletableFuture.java:735)
	at java.base/java.util.concurrent.CompletableFuture.thenAccept(CompletableFuture.java:2182)
	at com.intellij.docker.runtimes.deploy.DockerDeployToServerStateProvider$DockerState.execute(DockerDeployToServerStateProvider.kt:68)
	at com.intellij.execution.runners.DefaultProgramRunnerKt.executeState(DefaultProgramRunner.kt:33)
	at com.intellij.remoteServer.impl.runtime.DeployToServerRunner$execute$1.invoke(DeployToServerRunner.kt:21)
	at com.intellij.remoteServer.impl.runtime.DeployToServerRunner$execute$1.invoke(DeployToServerRunner.kt:20)
	at com.intellij.execution.impl.ExecutionManagerImpl$startRunProfile$1.invoke(ExecutionManagerImpl.kt:207)
	at com.intellij.execution.impl.ExecutionManagerImpl$startRunProfile$1.invoke(ExecutionManagerImpl.kt:205)
	at com.intellij.execution.impl.ExecutionManagerImpl.doStartRunProfile$lambda$2(ExecutionManagerImpl.kt:269)
	at com.intellij.util.concurrency.ContextRunnable.run(ContextRunnable.java:24)
	at com.intellij.openapi.application.TransactionGuardImpl.runWithWritingAllowed(TransactionGuardImpl.java:208)
	at com.intellij.openapi.application.TransactionGuardImpl.access$100(TransactionGuardImpl.java:21)
	at com.intellij.openapi.application.TransactionGuardImpl$1.run(TransactionGuardImpl.java:190)
	at com.intellij.openapi.application.impl.ApplicationImpl.runIntendedWriteActionOnCurrentThread(ApplicationImpl.java:861)
	at com.intellij.openapi.application.impl.ApplicationImpl$4.run(ApplicationImpl.java:478)
	at com.intellij.openapi.application.impl.FlushQueue.doRun(FlushQueue.java:79)
	at com.intellij.openapi.application.impl.FlushQueue.runNextEvent(FlushQueue.java:121)
	at com.intellij.openapi.application.impl.FlushQueue.flushNow(FlushQueue.java:41)
	at java.desktop/java.awt.event.InvocationEvent.dispatch(InvocationEvent.java:318)
	at java.desktop/java.awt.EventQueue.dispatchEventImpl(EventQueue.java:792)
	at java.desktop/java.awt.EventQueue$3.run(EventQueue.java:739)
	at java.desktop/java.awt.EventQueue$3.run(EventQueue.java:733)
	at java.base/java.security.AccessController.doPrivileged(AccessController.java:399)
	at java.base/java.security.ProtectionDomain$JavaSecurityAccessImpl.doIntersectionPrivilege(ProtectionDomain.java:86)
	at java.desktop/java.awt.EventQueue.dispatchEvent(EventQueue.java:761)
	at com.intellij.ide.IdeEventQueue.defaultDispatchEvent(IdeEventQueue.kt:690)
	at com.intellij.ide.IdeEventQueue._dispatchEvent$lambda$10(IdeEventQueue.kt:593)
	at com.intellij.openapi.application.impl.ApplicationImpl.runWithoutImplicitRead(ApplicationImpl.java:1485)
	at com.intellij.ide.IdeEventQueue._dispatchEvent(IdeEventQueue.kt:593)
	at com.intellij.ide.IdeEventQueue.access$_dispatchEvent(IdeEventQueue.kt:67)
	at com.intellij.ide.IdeEventQueue$dispatchEvent$processEventRunnable$1$1$1.compute(IdeEventQueue.kt:369)
	at com.intellij.ide.IdeEventQueue$dispatchEvent$processEventRunnable$1$1$1.compute(IdeEventQueue.kt:368)
	at com.intellij.openapi.progress.impl.CoreProgressManager.computePrioritized(CoreProgressManager.java:787)
	at com.intellij.ide.IdeEventQueue$dispatchEvent$processEventRunnable$1$1.invoke(IdeEventQueue.kt:368)
	at com.intellij.ide.IdeEventQueue$dispatchEvent$processEventRunnable$1$1.invoke(IdeEventQueue.kt:363)
	at com.intellij.ide.IdeEventQueueKt.performActivity$lambda$1(IdeEventQueue.kt:997)
	at com.intellij.openapi.application.TransactionGuardImpl.performActivity(TransactionGuardImpl.java:105)
	at com.intellij.ide.IdeEventQueueKt.performActivity(IdeEventQueue.kt:997)
	at com.intellij.ide.IdeEventQueue.dispatchEvent$lambda$7(IdeEventQueue.kt:363)
	at com.intellij.openapi.application.impl.ApplicationImpl.runIntendedWriteActionOnCurrentThread(ApplicationImpl.java:861)
	at com.intellij.ide.IdeEventQueue.dispatchEvent(IdeEventQueue.kt:405)
	at java.desktop/java.awt.EventDispatchThread.pumpOneEventForFilters(EventDispatchThread.java:207)
	at java.desktop/java.awt.EventDispatchThread.pumpEventsForFilter(EventDispatchThread.java:128)
	at java.desktop/java.awt.EventDispatchThread.pumpEventsForHierarchy(EventDispatchThread.java:117)
	at java.desktop/java.awt.EventDispatchThread.pumpEvents(EventDispatchThread.java:113)
	at java.desktop/java.awt.EventDispatchThread.pumpEvents(EventDispatchThread.java:105)
	at java.desktop/java.awt.EventDispatchThread.run(EventDispatchThread.java:92)
Caused by: java.lang.NoClassDefFoundError: com/fasterxml/jackson/dataformat/yaml/YAMLFactory
	at com.intellij.docker.compose.configuration.beans.parse.PureDockerComposeConfigurationParser.<init>(PureDockerComposeConfigurationParser.kt:38)
	at com.intellij.serviceContainer.ComponentManagerImpl.doInstantiateClass(ComponentManagerImpl.kt:962)
	... 70 more
Caused by: java.lang.ClassNotFoundException: com.fasterxml.jackson.dataformat.yaml.YAMLFactory PluginClassLoader(plugin=PluginDescriptor(name=Docker, id=Docker, descriptorPath=plugin.xml, path=~/.local/share/JetBrains/IdeaIC2023.2/clouds-docker-impl, version=232.10203.2, package=com.intellij.docker, isBundled=false), packagePrefix=com.intellij.docker., state=active)
	... 72 more
2023-11-23 16:00:33,254 [18997957]   WARN - #o.j.p.t.AbstractTerminalRunner - Cannot get terminal size from component, defaulting to 80x24
java.util.concurrent.CompletionException: java.lang.IllegalStateException: component should be showing
	at java.base/java.util.concurrent.CompletableFuture.encodeThrowable(CompletableFuture.java:332)
	at java.base/java.util.concurrent.CompletableFuture.uniApplyNow(CompletableFuture.java:674)
	at java.base/java.util.concurrent.CompletableFuture.uniApplyStage(CompletableFuture.java:662)
	at java.base/java.util.concurrent.CompletableFuture.thenApply(CompletableFuture.java:2168)
	at org.jetbrains.plugins.terminal.AbstractTerminalRunner.awaitTermSize(AbstractTerminalRunner.java:242)
	at org.jetbrains.plugins.terminal.AbstractTerminalRunner.lambda$openSessionInDirectory$4(AbstractTerminalRunner.java:205)
	at com.intellij.openapi.application.TransactionGuardImpl.runWithWritingAllowed(TransactionGuardImpl.java:208)
	at com.intellij.openapi.application.TransactionGuardImpl.access$100(TransactionGuardImpl.java:21)
	at com.intellij.openapi.application.TransactionGuardImpl$1.run(TransactionGuardImpl.java:190)
	at com.intellij.openapi.application.impl.ApplicationImpl.runIntendedWriteActionOnCurrentThread(ApplicationImpl.java:861)
	at com.intellij.openapi.application.impl.ApplicationImpl$4.run(ApplicationImpl.java:478)
	at com.intellij.openapi.application.impl.FlushQueue.doRun(FlushQueue.java:79)
	at com.intellij.openapi.application.impl.FlushQueue.runNextEvent(FlushQueue.java:121)
	at com.intellij.openapi.application.impl.FlushQueue.flushNow(FlushQueue.java:41)
	at java.desktop/java.awt.event.InvocationEvent.dispatch(InvocationEvent.java:318)
	at java.desktop/java.awt.EventQueue.dispatchEventImpl(EventQueue.java:792)
	at java.desktop/java.awt.EventQueue$3.run(EventQueue.java:739)
	at java.desktop/java.awt.EventQueue$3.run(EventQueue.java:733)
	at java.base/java.security.AccessController.doPrivileged(AccessController.java:399)
	at java.base/java.security.ProtectionDomain$JavaSecurityAccessImpl.doIntersectionPrivilege(ProtectionDomain.java:86)
	at java.desktop/java.awt.EventQueue.dispatchEvent(EventQueue.java:761)
	at com.intellij.ide.IdeEventQueue.defaultDispatchEvent(IdeEventQueue.kt:690)
	at com.intellij.ide.IdeEventQueue._dispatchEvent$lambda$10(IdeEventQueue.kt:593)
	at com.intellij.openapi.application.impl.ApplicationImpl.runWithoutImplicitRead(ApplicationImpl.java:1485)
	at com.intellij.ide.IdeEventQueue._dispatchEvent(IdeEventQueue.kt:593)
	at com.intellij.ide.IdeEventQueue.access$_dispatchEvent(IdeEventQueue.kt:67)
	at com.intellij.ide.IdeEventQueue$dispatchEvent$processEventRunnable$1$1$1.compute(IdeEventQueue.kt:369)
	at com.intellij.ide.IdeEventQueue$dispatchEvent$processEventRunnable$1$1$1.compute(IdeEventQueue.kt:368)
	at com.intellij.openapi.progress.impl.CoreProgressManager.computePrioritized(CoreProgressManager.java:787)
	at com.intellij.ide.IdeEventQueue$dispatchEvent$processEventRunnable$1$1.invoke(IdeEventQueue.kt:368)
	at com.intellij.ide.IdeEventQueue$dispatchEvent$processEventRunnable$1$1.invoke(IdeEventQueue.kt:363)
	at com.intellij.ide.IdeEventQueueKt.performActivity$lambda$1(IdeEventQueue.kt:997)
	at com.intellij.openapi.application.TransactionGuardImpl.performActivity(TransactionGuardImpl.java:105)
	at com.intellij.ide.IdeEventQueueKt.performActivity(IdeEventQueue.kt:997)
	at com.intellij.ide.IdeEventQueue.dispatchEvent$lambda$7(IdeEventQueue.kt:363)
	at com.intellij.openapi.application.impl.ApplicationImpl.runIntendedWriteActionOnCurrentThread(ApplicationImpl.java:861)
	at com.intellij.ide.IdeEventQueue.dispatchEvent(IdeEventQueue.kt:405)
	at java.desktop/java.awt.EventDispatchThread.pumpOneEventForFilters(EventDispatchThread.java:207)
	at java.desktop/java.awt.EventDispatchThread.pumpEventsForFilter(EventDispatchThread.java:128)
	at java.desktop/java.awt.EventDispatchThread.pumpEventsForHierarchy(EventDispatchThread.java:117)
	at java.desktop/java.awt.EventDispatchThread.pumpEvents(EventDispatchThread.java:113)
	at java.desktop/java.awt.EventDispatchThread.pumpEvents(EventDispatchThread.java:105)
	at java.desktop/java.awt.EventDispatchThread.run(EventDispatchThread.java:92)
Caused by: java.lang.IllegalStateException: component should be showing
	at org.jetbrains.plugins.terminal.exp.TerminalUiUtils.awaitComponentLayout(TerminalUiUtils.kt:84)
	... 39 more
2023-11-23 16:01:54,536 [19079239]   WARN - #o.j.k.i.s.r.KotlinCompilerReferenceIndexStorage - kotlin-data-container is not found
2023-11-23 16:25:58,530 [20523233]   WARN - #o.j.k.i.s.r.KotlinCompilerReferenceIndexStorage - kotlin-data-container is not found
2023-11-23 16:28:46,658 [20691361]   WARN - #o.j.k.i.s.r.KotlinCompilerReferenceIndexStorage - kotlin-data-container is not found
2023-11-23 16:42:56,288 [21540991]   WARN - #o.j.k.i.s.r.KotlinCompilerReferenceIndexStorage - kotlin-data-container is not found
2023-11-23 16:43:43,878 [21588581]   WARN - #o.j.k.i.s.r.KotlinCompilerReferenceIndexStorage - kotlin-data-container is not found
2023-11-23 16:45:32,894 [21697597]   WARN - #o.j.k.i.s.r.KotlinCompilerReferenceIndexStorage - kotlin-data-container is not found
2023-11-23 16:50:06,931 [21971634]   WARN - #o.j.k.i.s.r.KotlinCompilerReferenceIndexStorage - kotlin-data-container is not found
2023-11-23 16:50:28,660 [21993363]   WARN - #o.j.k.i.s.r.KotlinCompilerReferenceIndexStorage - kotlin-data-container is not found
2023-11-24 14:29:54,413 [99959116]   WARN - #o.j.k.i.s.r.KotlinCompilerReferenceIndexStorage - kotlin-data-container is not found
2023-11-25 13:09:35,481 [181540184] SEVERE - #c.i.o.e.i.EditorFactoryImpl - Editor EditorImpl[null] hasn't been released:
com.intellij.openapi.util.TraceableDisposable$DisposalException: Editor EditorImpl[null] hasn't been released:
	at com.intellij.openapi.util.TraceableDisposable.throwDisposalError(TraceableDisposable.java:44)
	at com.intellij.openapi.editor.impl.EditorImpl.throwDisposalError(EditorImpl.java:1020)
	at com.intellij.openapi.editor.impl.EditorFactoryImpl.throwNotReleasedError(EditorFactoryImpl.java:116)
	at com.intellij.openapi.editor.impl.EditorFactoryImpl.lambda$validateEditorsAreReleased$0(EditorFactoryImpl.java:104)
	at java.base/java.util.stream.ForEachOps$ForEachOp$OfRef.accept(ForEachOps.java:183)
	at java.base/java.util.Spliterators$ArraySpliterator.forEachRemaining(Spliterators.java:992)
	at java.base/java.util.stream.ReferencePipeline$Head.forEach(ReferencePipeline.java:762)
	at java.base/java.util.stream.ReferencePipeline$7$1.accept(ReferencePipeline.java:276)
	at java.base/java.util.ArrayList$ArrayListSpliterator.forEachRemaining(ArrayList.java:1625)
	at java.base/java.util.stream.AbstractPipeline.copyInto(AbstractPipeline.java:509)
	at java.base/java.util.stream.AbstractPipeline.wrapAndCopyInto(AbstractPipeline.java:499)
	at java.base/java.util.stream.ForEachOps$ForEachOp.evaluateSequential(ForEachOps.java:150)
	at java.base/java.util.stream.ForEachOps$ForEachOp$OfRef.evaluateSequential(ForEachOps.java:173)
	at java.base/java.util.stream.AbstractPipeline.evaluate(AbstractPipeline.java:234)
	at java.base/java.util.stream.ReferencePipeline.forEach(ReferencePipeline.java:596)
	at com.intellij.openapi.editor.impl.EditorFactoryImpl.validateEditorsAreReleased(EditorFactoryImpl.java:101)
	at com.intellij.openapi.editor.impl.EditorFactoryImpl$1.lambda$projectClosed$0(EditorFactoryImpl.java:64)
	at com.intellij.openapi.application.TransactionGuardImpl$1.run(TransactionGuardImpl.java:193)
	at com.intellij.openapi.application.impl.ApplicationImpl.runIntendedWriteActionOnCurrentThread(ApplicationImpl.java:861)
	at com.intellij.openapi.application.impl.ApplicationImpl$4.run(ApplicationImpl.java:478)
	at com.intellij.openapi.application.impl.FlushQueue.doRun(FlushQueue.java:79)
	at com.intellij.openapi.application.impl.FlushQueue.runNextEvent(FlushQueue.java:121)
	at com.intellij.openapi.application.impl.FlushQueue.flushNow(FlushQueue.java:41)
	at java.desktop/java.awt.event.InvocationEvent.dispatch(InvocationEvent.java:318)
	at java.desktop/java.awt.EventQueue.dispatchEventImpl(EventQueue.java:792)
	at java.desktop/java.awt.EventQueue$3.run(EventQueue.java:739)
	at java.desktop/java.awt.EventQueue$3.run(EventQueue.java:733)
	at java.base/java.security.AccessController.doPrivileged(AccessController.java:399)
	at java.base/java.security.ProtectionDomain$JavaSecurityAccessImpl.doIntersectionPrivilege(ProtectionDomain.java:86)
	at java.desktop/java.awt.EventQueue.dispatchEvent(EventQueue.java:761)
	at com.intellij.ide.IdeEventQueue.defaultDispatchEvent(IdeEventQueue.kt:690)
	at com.intellij.ide.IdeEventQueue._dispatchEvent$lambda$10(IdeEventQueue.kt:593)
	at com.intellij.openapi.application.impl.ApplicationImpl.runWithoutImplicitRead(ApplicationImpl.java:1485)
	at com.intellij.ide.IdeEventQueue._dispatchEvent(IdeEventQueue.kt:593)
	at com.intellij.ide.IdeEventQueue.access$_dispatchEvent(IdeEventQueue.kt:67)
	at com.intellij.ide.IdeEventQueue$dispatchEvent$processEventRunnable$1$1$1.compute(IdeEventQueue.kt:369)
	at com.intellij.ide.IdeEventQueue$dispatchEvent$processEventRunnable$1$1$1.compute(IdeEventQueue.kt:368)
	at com.intellij.openapi.progress.impl.CoreProgressManager.computePrioritized(CoreProgressManager.java:787)
	at com.intellij.ide.IdeEventQueue$dispatchEvent$processEventRunnable$1$1.invoke(IdeEventQueue.kt:368)
	at com.intellij.ide.IdeEventQueue$dispatchEvent$processEventRunnable$1$1.invoke(IdeEventQueue.kt:363)
	at com.intellij.ide.IdeEventQueueKt.performActivity$lambda$1(IdeEventQueue.kt:997)
	at com.intellij.openapi.application.TransactionGuardImpl.performActivity(TransactionGuardImpl.java:105)
	at com.intellij.ide.IdeEventQueueKt.performActivity(IdeEventQueue.kt:997)
	at com.intellij.ide.IdeEventQueue.dispatchEvent$lambda$7(IdeEventQueue.kt:363)
	at com.intellij.openapi.application.impl.ApplicationImpl.runIntendedWriteActionOnCurrentThread(ApplicationImpl.java:861)
	at com.intellij.ide.IdeEventQueue.dispatchEvent(IdeEventQueue.kt:405)
	at java.desktop/java.awt.EventDispatchThread.pumpOneEventForFilters(EventDispatchThread.java:207)
	at java.desktop/java.awt.EventDispatchThread.pumpEventsForFilter(EventDispatchThread.java:128)
	at java.desktop/java.awt.EventDispatchThread.pumpEventsForHierarchy(EventDispatchThread.java:117)
	at java.desktop/java.awt.EventDispatchThread.pumpEvents(EventDispatchThread.java:113)
	at java.desktop/java.awt.EventDispatchThread.pumpEvents(EventDispatchThread.java:105)
	at java.desktop/java.awt.EventDispatchThread.run(EventDispatchThread.java:92)
2023-11-25 13:09:35,486 [181540189] SEVERE - #c.i.o.e.i.EditorFactoryImpl - IntelliJ IDEA 2023.2.4  Build #IC-232.10203.10
2023-11-25 13:09:35,488 [181540191] SEVERE - #c.i.o.e.i.EditorFactoryImpl - JDK: 17.0.8.1; VM: OpenJDK 64-Bit Server VM; Vendor: JetBrains s.r.o.
2023-11-25 13:09:35,488 [181540191] SEVERE - #c.i.o.e.i.EditorFactoryImpl - OS: Linux

2023-11-25 13:10:57,099 [181621802]   WARN - org.apache.velocity.deprecation - configuration key 'resource.loader' has been deprecated in favor of 'resource.loaders'
2023-11-25 13:10:57,113 [181621816]   WARN - org.apache.velocity.deprecation - configuration key 'includes.resource.loader.instance' has been deprecated in favor of 'resource.loader.includes.instance'

2023-11-25 13:10:59,804 [181624507]   WARN - #c.i.o.w.i.c.h.t.MainMenuButton - rootPane is not set, MainMenu button listeners are not installed
2023-11-25 13:14:24,391 [181829094]   WARN - #o.j.k.i.s.r.KotlinCompilerReferenceIndexStorage - kotlin-data-container is not found
2023-11-25 13:23:16,286 [182360989]   WARN - #o.j.k.i.s.r.KotlinCompilerReferenceIndexStorage - kotlin-data-container is not found
2023-11-25 13:24:36,924 [182441627]   WARN - #o.j.k.i.s.r.KotlinCompilerReferenceIndexStorage - kotlin-data-container is not found
2023-11-25 13:24:55,489 [182460192]   WARN - #o.j.k.i.s.r.KotlinCompilerReferenceIndexStorage - kotlin-data-container is not found
2023-11-25 13:30:47,453 [182812156]   WARN - #o.j.k.i.s.r.KotlinCompilerReferenceIndexStorage - kotlin-data-container is not found
CompileCommand: exclude com/intellij/openapi/vfs/impl/FilePartNodeRoot.trieDescend bool exclude = true
CompileCommand: exclude com/intellij/openapi/vfs/impl/FilePartNodeRoot.trieDescend bool exclude = true
CompileCommand: exclude com/intellij/openapi/vfs/impl/FilePartNodeRoot.trieDescend bool exclude = true
